<?xml version="1.0" encoding="UTF-8"?>
<testsuite name="guru.qa.homework" tests="1" skipped="0" failures="0" errors="0" timestamp="2022-09-25T19:18:34" hostname="MacBook-Pro.local" time="0.016">
  <properties/>
  <testcase name="exampleTest()" classname="guru.qa.homework" time="0.016"/>
  <system-out><![CDATA[]]></system-out>
  <system-err><![CDATA[]]></system-err>
</testsuite>
