<?xml version="1.0" encoding="UTF-8"?>
<testsuite name="guru.qa.HomeworkLession3" tests="1" skipped="0" failures="0" errors="0" timestamp="2022-09-28T12:29:18" hostname="MacBook-Pro" time="0.022">
  <properties/>
  <testcase name="simpleTest()" classname="guru.qa.HomeworkLession3" time="0.022"/>
  <system-out><![CDATA[### all test started
### test started
### test ongoing
### test completed
### test over
]]></system-out>
  <system-err><![CDATA[]]></system-err>
</testsuite>
